This is pdfTeXk, Version 3.141592-1.40.3 (Web2C 7.5.6) (format=pdflatex 2010.10.5)  9 NOV 2010 22:38
entering extended mode
 %&-line parsing enabled.
**assg6.tex
(./assg6.tex
LaTeX2e <2005/12/01>
Babel <v3.8h> and hyphenation patterns for english, usenglishmax, dumylang, noh
yphenation, arabic, basque, bulgarian, coptic, welsh, czech, slovak, german, ng
erman, danish, esperanto, spanish, catalan, galician, estonian, farsi, finnish,
 french, greek, monogreek, ancientgreek, croatian, hungarian, interlingua, ibyc
us, indonesian, icelandic, italian, latin, mongolian, dutch, norsk, polish, por
tuguese, pinyin, romanian, russian, slovenian, uppersorbian, serbian, swedish, 
turkish, ukenglish, ukrainian, loaded.
(/usr/share/texmf/tex/latex/base/article.cls
Document Class: article 2005/09/16 v1.4f Standard LaTeX document class
(/usr/share/texmf/tex/latex/base/size12.clo
File: size12.clo 2005/09/16 v1.4f Standard LaTeX file (size option)
)
\c@part=\count79
\c@section=\count80
\c@subsection=\count81
\c@subsubsection=\count82
\c@paragraph=\count83
\c@subparagraph=\count84
\c@figure=\count85
\c@table=\count86
\abovecaptionskip=\skip41
\belowcaptionskip=\skip42
\bibindent=\dimen102
)
(/usr/share/texmf/tex/latex/graphics/graphicx.sty
Package: graphicx 1999/02/16 v1.0f Enhanced LaTeX Graphics (DPC,SPQR)

(/usr/share/texmf/tex/latex/graphics/keyval.sty
Package: keyval 1999/03/16 v1.13 key=value parser (DPC)
\KV@toks@=\toks14
)
(/usr/share/texmf/tex/latex/graphics/graphics.sty
Package: graphics 2006/02/20 v1.0o Standard LaTeX Graphics (DPC,SPQR)

(/usr/share/texmf/tex/latex/graphics/trig.sty
Package: trig 1999/03/16 v1.09 sin cos tan (DPC)
)
(/usr/share/texmf/tex/latex/config/graphics.cfg
File: graphics.cfg 2007/01/18 v1.5 graphics configuration of teTeX/TeXLive
)
Package graphics Info: Driver file: pdftex.def on input line 90.

(/usr/share/texmf/tex/latex/pdftex-def/pdftex.def
File: pdftex.def 2007/01/08 v0.04d Graphics/color for pdfTeX
\Gread@gobject=\count87
))
\Gin@req@height=\dimen103
\Gin@req@width=\dimen104
) (./assg6.aux)
\openout1 = `assg6.aux'.

LaTeX Font Info:    Checking defaults for OML/cmm/m/it on input line 3.
LaTeX Font Info:    ... okay on input line 3.
LaTeX Font Info:    Checking defaults for T1/cmr/m/n on input line 3.
LaTeX Font Info:    ... okay on input line 3.
LaTeX Font Info:    Checking defaults for OT1/cmr/m/n on input line 3.
LaTeX Font Info:    ... okay on input line 3.
LaTeX Font Info:    Checking defaults for OMS/cmsy/m/n on input line 3.
LaTeX Font Info:    ... okay on input line 3.
LaTeX Font Info:    Checking defaults for OMX/cmex/m/n on input line 3.
LaTeX Font Info:    ... okay on input line 3.
LaTeX Font Info:    Checking defaults for U/cmr/m/n on input line 3.
LaTeX Font Info:    ... okay on input line 3.
LaTeX Font Info:    External font `cmex10' loaded for size
(Font)              <14.4> on input line 7.
LaTeX Font Info:    External font `cmex10' loaded for size
(Font)              <7> on input line 7.

<image/fivethree.JPG, id=1, 2055.68pt x 1541.76pt>
File: image/fivethree.JPG Graphic file (type jpg)
 <use image/fivethree.JPG>
Overfull \hbox (8.33093pt too wide) in paragraph at lines 9--10
[] 
 []

<image/fivesix.JPG, id=2, 2055.68pt x 1541.76pt>
File: image/fivesix.JPG Graphic file (type jpg)
 <use image/fivesix.JPG>
Overfull \hbox (8.33093pt too wide) in paragraph at lines 11--12
[] 
 []

[1

{/usr/share/texmf/fonts/map/pdftex/updmap/pdftex.map} <./image/fivethree.JPG>] 
<image/fiveseven.JPG, id=10, 1284.8pt x 963.6pt>
File: image/fiveseven.JPG Graphic file (type jpg)
 <use image/fiveseven.JPG>
Overfull \hbox (8.3427pt too wide) in paragraph at lines 13--14
[] 
 []

[2 <./image/fivesix.JPG>] <image/fivenine.JPG, id=14, 2055.68pt x 1541.76pt>
File: image/fivenine.JPG Graphic file (type jpg)

<use image/fivenine.JPG>
Overfull \hbox (8.33093pt too wide) in paragraph at lines 15--16
[] 
 []

[3 <./image/fiveseven.JPG>] [4 <./image/fivenine.JPG>] (./assg6.aux) ) 
Here is how much of TeX's memory you used:
 588 strings out of 256216
 7047 string characters out of 1917072
 54497 words of memory out of 1500000
 3927 multiletter control sequences out of 10000+200000
 5756 words of font info for 21 fonts, out of 1200000 for 2000
 645 hyphenation exceptions out of 8191
 25i,6n,19p,198b,189s stack positions out of 5000i,500n,6000p,200000b,15000s
</usr/sha
re/texmf/fonts/type1/bluesky/cm/cmbx12.pfb></usr/share/texmf/fonts/type1/bluesk
y/cm/cmr12.pfb></usr/share/texmf/fonts/type1/bluesky/cm/cmr17.pfb>
Output written on assg6.pdf (4 pages, 696237 bytes).
PDF statistics:
 31 PDF objects out of 1000 (max. 8388607)
 0 named destinations out of 1000 (max. 131072)
 21 words of extra memory for PDF output out of 10000 (max. 10000000)

