This is pdfTeXk, Version 3.141592-1.40.3 (Web2C 7.5.6) (format=pdflatex 2010.7.8)  23 NOV 2010 08:35
entering extended mode
 %&-line parsing enabled.
**assg7.tex
(./assg7.tex
LaTeX2e <2005/12/01>
Babel <v3.8h> and hyphenation patterns for english, usenglishmax, dumylang, noh
yphenation, croatian, ukrainian, russian, bulgarian, czech, slovak, danish, dut
ch, finnish, basque, french, german, ngerman, ibycus, greek, monogreek, ancient
greek, hungarian, italian, latin, mongolian, norsk, icelandic, interlingua, tur
kish, coptic, romanian, welsh, serbian, slovenian, estonian, esperanto, upperso
rbian, indonesian, polish, portuguese, spanish, catalan, galician, swedish, loa
ded.
(/usr/share/texmf-texlive/tex/latex/base/article.cls
Document Class: article 2005/09/16 v1.4f Standard LaTeX document class
(/usr/share/texmf-texlive/tex/latex/base/size12.clo
File: size12.clo 2005/09/16 v1.4f Standard LaTeX file (size option)
)
\c@part=\count79
\c@section=\count80
\c@subsection=\count81
\c@subsubsection=\count82
\c@paragraph=\count83
\c@subparagraph=\count84
\c@figure=\count85
\c@table=\count86
\abovecaptionskip=\skip41
\belowcaptionskip=\skip42
\bibindent=\dimen102
)
(/usr/share/texmf-texlive/tex/latex/graphics/graphicx.sty
Package: graphicx 1999/02/16 v1.0f Enhanced LaTeX Graphics (DPC,SPQR)

(/usr/share/texmf-texlive/tex/latex/graphics/keyval.sty
Package: keyval 1999/03/16 v1.13 key=value parser (DPC)
\KV@toks@=\toks14
)
(/usr/share/texmf-texlive/tex/latex/graphics/graphics.sty
Package: graphics 2006/02/20 v1.0o Standard LaTeX Graphics (DPC,SPQR)

(/usr/share/texmf-texlive/tex/latex/graphics/trig.sty
Package: trig 1999/03/16 v1.09 sin cos tan (DPC)
)
(/etc/texmf/tex/latex/config/graphics.cfg
File: graphics.cfg 2007/01/18 v1.5 graphics configuration of teTeX/TeXLive
)
Package graphics Info: Driver file: pdftex.def on input line 90.

(/usr/share/texmf-texlive/tex/latex/pdftex-def/pdftex.def
File: pdftex.def 2007/01/08 v0.04d Graphics/color for pdfTeX
\Gread@gobject=\count87
))
\Gin@req@height=\dimen103
\Gin@req@width=\dimen104
) (./assg7.aux)
\openout1 = `assg7.aux'.

LaTeX Font Info:    Checking defaults for OML/cmm/m/it on input line 8.
LaTeX Font Info:    ... okay on input line 8.
LaTeX Font Info:    Checking defaults for T1/cmr/m/n on input line 8.
LaTeX Font Info:    ... okay on input line 8.
LaTeX Font Info:    Checking defaults for OT1/cmr/m/n on input line 8.
LaTeX Font Info:    ... okay on input line 8.
LaTeX Font Info:    Checking defaults for OMS/cmsy/m/n on input line 8.
LaTeX Font Info:    ... okay on input line 8.
LaTeX Font Info:    Checking defaults for OMX/cmex/m/n on input line 8.
LaTeX Font Info:    ... okay on input line 8.
LaTeX Font Info:    Checking defaults for U/cmr/m/n on input line 8.
LaTeX Font Info:    ... okay on input line 8.
LaTeX Font Info:    External font `cmex10' loaded for size
(Font)              <14.4> on input line 12.
LaTeX Font Info:    External font `cmex10' loaded for size
(Font)              <7> on input line 12.

<image/sixone.jpg, id=1, 1541.76pt x 1228.59pt>
File: image/sixone.jpg Graphic file (type jpg)
 <use image/sixone.jpg>
Overfull \hbox (7.48376pt too wide) in paragraph at lines 15--16
 [] 
 []

<image/sixtwo.jpg, id=2, 2001.4775pt x 1310.8975pt>
File: image/sixtwo.jpg Graphic file (type jpg)
 <use image/sixtwo.jpg>
Overfull \hbox (7.46036pt too wide) in paragraph at lines 17--18
 [] 
 []

[1

{/var/lib/texmf/fonts/map/pdftex/updmap/pdftex.map} <./image/sixone.jpg>]
<image/sixthree1.jpg, id=10, 1541.76pt x 2055.68pt>
File: image/sixthree1.jpg Graphic file (type jpg)
 <use image/sixthree1.jpg>
<image/sixthree2.jpg, id=11, 1541.76pt x 1427.3325pt> [2 <./image/sixtwo.jpg>]
File: image/sixthree2.jpg Graphic file (type jpg)

<use image/sixthree2.jpg>
Overfull \hbox (7.48376pt too wide) in paragraph at lines 20--20
 [][] 
 []

<image/sixthree3.jpg, id=15, 1541.76pt x 2055.68pt> [3 <./image/sixthree1.jpg>]
File: image/sixthree3.jpg Graphic file (type jpg)
<use image/sixthree3.jpg> [4 <./image/sixthree2.jpg>] [5 <./image/sixthree3.jpg
>] (./assg7.aux) ) 
Here is how much of TeX's memory you used:
 593 strings out of 94101
 7250 string characters out of 1165811
 55440 words of memory out of 1500000
 3924 multiletter control sequences out of 10000+50000
 5756 words of font info for 21 fonts, out of 1200000 for 2000
 637 hyphenation exceptions out of 8191
 25i,6n,19p,198b,246s stack positions out of 5000i,500n,6000p,200000b,5000s
</usr/share/texmf-texlive/fonts/type1/bluesky/cm/cmbx12.pfb><
/usr/share/texmf-texlive/fonts/type1/bluesky/cm/cmr12.pfb></usr/share/texmf-tex
live/fonts/type1/bluesky/cm/cmr17.pfb>
Output written on assg7.pdf (5 pages, 1451292 bytes).
PDF statistics:
 35 PDF objects out of 1000 (max. 8388607)
 0 named destinations out of 1000 (max. 131072)
 26 words of extra memory for PDF output out of 10000 (max. 10000000)

